{
  "stats": {
    "suites": 4,
    "tests": 3,
    "passes": 0,
    "pending": 0,
    "failures": 3,
    "start": "2026-04-05T00:30:32.144Z",
    "end": "2026-04-05T00:30:32.167Z",
    "duration": 23,
    "testsRegistered": 3,
    "passPercent": 0,
    "pendingPercent": 0,
    "other": 0,
    "hasOther": false,
    "skipped": 0,
    "hasSkipped": false
  },
  "results": [
    {
      "uuid": "84cefbaa-f3a1-4250-ac7a-9e622f24e5a9",
      "title": "",
      "fullFile": "",
      "file": "",
      "beforeHooks": [],
      "afterHooks": [],
      "tests": [],
      "suites": [
        {
          "uuid": "2eefe444-2492-4566-be80-332139deb2e1",
          "title": "login",
          "fullFile": "C:\\Projetos\\banco-api-tests\\test\\login.test.js",
          "file": "\\test\\login.test.js",
          "beforeHooks": [],
          "afterHooks": [],
          "tests": [],
          "suites": [
            {
              "uuid": "647caa0d-301b-4418-851a-f255636aca78",
              "title": "POST /login",
              "fullFile": "C:\\Projetos\\banco-api-tests\\test\\login.test.js",
              "file": "\\test\\login.test.js",
              "beforeHooks": [],
              "afterHooks": [],
              "tests": [
                {
                  "title": "Deve retornar 200 com um token em string quando usar credenciais válidas",
                  "fullTitle": "login POST /login Deve retornar 200 com um token em string quando usar credenciais válidas",
                  "timedOut": false,
                  "duration": 2,
                  "state": "failed",
                  "speed": null,
                  "pass": false,
                  "fail": true,
                  "pending": false,
                  "context": null,
                  "code": "// SuperTeste, fazer requisições a APIs\n      const resposta = await request(process.env.BASE_URL)\n        .post('/login')\n        .set('Content-Type', 'application/json')\n        .send({\n          username: 'julio.lima',\n          senha: '123456'\n        });\n      console.log(resposta.status)\n      console.log(resposta.body)\n        // (CHAI)fazer asserções Validar as asserções e validar comparações resposta e valor!\n      expect(resposta.status).to.equal(200);\n      expect(resposta.body.token).to.be.a('string');",
                  "err": {
                    "message": "TypeError: Invalid URL",
                    "estack": "TypeError: Invalid URL\n    at new URL (node:internal/url:819:25)\n    at Request.request (node_modules\\superagent\\lib\\node\\index.js:678:15)\n    at Request.end (node_modules\\superagent\\lib\\node\\index.js:909:8)\n    at Test.end (node_modules\\supertest\\lib\\test.js:136:11)\n    at C:\\Projetos\\banco-api-tests\\node_modules\\superagent\\lib\\request-base.js:265:12\n    at new Promise (<anonymous>)\n    at RequestBase.then (node_modules\\superagent\\lib\\request-base.js:249:31)",
                    "diff": null
                  },
                  "uuid": "221cdad7-0d56-424e-906e-f804b2d25717",
                  "parentUUID": "647caa0d-301b-4418-851a-f255636aca78",
                  "isHook": false,
                  "skipped": false
                }
              ],
              "suites": [],
              "passes": [],
              "failures": [
                "221cdad7-0d56-424e-906e-f804b2d25717"
              ],
              "pending": [],
              "skipped": [],
              "duration": 2,
              "root": false,
              "rootEmpty": false,
              "_timeout": 200000
            }
          ],
          "passes": [],
          "failures": [],
          "pending": [],
          "skipped": [],
          "duration": 0,
          "root": false,
          "rootEmpty": false,
          "_timeout": 200000
        },
        {
          "uuid": "1cb92fcf-b91e-4633-b7ae-17feeba1baa0",
          "title": "Transferência",
          "fullFile": "C:\\Projetos\\banco-api-tests\\test\\transferencia.test.js",
          "file": "\\test\\transferencia.test.js",
          "beforeHooks": [],
          "afterHooks": [],
          "tests": [],
          "suites": [
            {
              "uuid": "b8fbfd43-b922-4909-9a5c-65f4ec005b98",
              "title": "POST /transferencia",
              "fullFile": "C:\\Projetos\\banco-api-tests\\test\\transferencia.test.js",
              "file": "\\test\\transferencia.test.js",
              "beforeHooks": [],
              "afterHooks": [],
              "tests": [
                {
                  "title": "Deve retornar sucesso com 201 quando o valor for igual ou acima 10,00",
                  "fullTitle": "Transferência POST /transferencia Deve retornar sucesso com 201 quando o valor for igual ou acima 10,00",
                  "timedOut": false,
                  "duration": 0,
                  "state": "failed",
                  "speed": null,
                  "pass": false,
                  "fail": true,
                  "pending": false,
                  "context": null,
                  "code": "const token = await obterToken('julio.lima', '123456');\nconst resposta = await request(process.env.BASE_URL)\n    .post('/transferencia')\n    .set('Content-Type', 'application/json')\n    .set('Authorization', `Bearer ${token}`)\n    .send({\n        contaOrigem: 1,\n        contaDestino: 2,\n        valor: 11,\n        token: \"\"\n    });\nexpect(resposta.status).to.equal(201);",
                  "err": {
                    "message": "TypeError: Invalid URL",
                    "estack": "TypeError: Invalid URL\n    at new URL (node:internal/url:819:25)\n    at Request.request (node_modules\\superagent\\lib\\node\\index.js:678:15)\n    at Request.end (node_modules\\superagent\\lib\\node\\index.js:909:8)\n    at Test.end (node_modules\\supertest\\lib\\test.js:136:11)\n    at C:\\Projetos\\banco-api-tests\\node_modules\\superagent\\lib\\request-base.js:265:12\n    at new Promise (<anonymous>)\n    at RequestBase.then (node_modules\\superagent\\lib\\request-base.js:249:31)",
                    "diff": null
                  },
                  "uuid": "7f4cf9cf-c7be-41a6-be7c-aa4e3f72e714",
                  "parentUUID": "b8fbfd43-b922-4909-9a5c-65f4ec005b98",
                  "isHook": false,
                  "skipped": false
                },
                {
                  "title": "Deve retornar falha com 422 quando o valor for abaixo de 10,00",
                  "fullTitle": "Transferência POST /transferencia Deve retornar falha com 422 quando o valor for abaixo de 10,00",
                  "timedOut": false,
                  "duration": 1,
                  "state": "failed",
                  "speed": null,
                  "pass": false,
                  "fail": true,
                  "pending": false,
                  "context": null,
                  "code": "const token = await obterToken('julio.lima', '123456');\n const resposta = await request('http://localhost:3000')\n     .post('/transferencia')\n     .set('Content-Type', 'application/json')\n     .set('Authorization', `Bearer ${token}`)\n     .send({\n         contaOrigem: 1,\n         contaDestino: 2,\n         valor: 7,\n         token: \"\"\n     });\n expect(resposta.status).to.equal(422);",
                  "err": {
                    "message": "TypeError: Invalid URL",
                    "estack": "TypeError: Invalid URL\n    at new URL (node:internal/url:819:25)\n    at Request.request (node_modules\\superagent\\lib\\node\\index.js:678:15)\n    at Request.end (node_modules\\superagent\\lib\\node\\index.js:909:8)\n    at Test.end (node_modules\\supertest\\lib\\test.js:136:11)\n    at C:\\Projetos\\banco-api-tests\\node_modules\\superagent\\lib\\request-base.js:265:12\n    at new Promise (<anonymous>)\n    at RequestBase.then (node_modules\\superagent\\lib\\request-base.js:249:31)",
                    "diff": null
                  },
                  "uuid": "b33c26b5-ff60-472c-b24a-e26dab025348",
                  "parentUUID": "b8fbfd43-b922-4909-9a5c-65f4ec005b98",
                  "isHook": false,
                  "skipped": false
                }
              ],
              "suites": [],
              "passes": [],
              "failures": [
                "7f4cf9cf-c7be-41a6-be7c-aa4e3f72e714",
                "b33c26b5-ff60-472c-b24a-e26dab025348"
              ],
              "pending": [],
              "skipped": [],
              "duration": 1,
              "root": false,
              "rootEmpty": false,
              "_timeout": 200000
            }
          ],
          "passes": [],
          "failures": [],
          "pending": [],
          "skipped": [],
          "duration": 0,
          "root": false,
          "rootEmpty": false,
          "_timeout": 200000
        }
      ],
      "passes": [],
      "failures": [],
      "pending": [],
      "skipped": [],
      "duration": 0,
      "root": true,
      "rootEmpty": true,
      "_timeout": 200000
    }
  ],
  "meta": {
    "mocha": {
      "version": "11.7.5"
    },
    "mochawesome": {
      "options": {
        "quiet": false,
        "reportFilename": "mochawesome",
        "saveHtml": true,
        "saveJson": true,
        "consoleReporter": "spec",
        "useInlineDiffs": false,
        "code": true
      },
      "version": "7.1.4"
    },
    "marge": {
      "options": null,
      "version": "6.3.2"
    }
  }
}